mode: set
hft_engine/verification/integration.go:33.64,42.2 1 0
hft_engine/verification/integration.go:64.39,65.11 1 0
hft_engine/verification/integration.go:66.21,67.19 1 0
hft_engine/verification/integration.go:68.22,69.20 1 0
hft_engine/verification/integration.go:70.23,71.21 1 0
hft_engine/verification/integration.go:72.10,73.19 1 0
hft_engine/verification/integration.go:100.110,101.19 1 0
hft_engine/verification/integration.go:101.19,103.3 1 0
hft_engine/verification/integration.go:105.2,105.21 1 0
hft_engine/verification/integration.go:105.21,107.3 1 0
hft_engine/verification/integration.go:109.2,123.11 6 0
hft_engine/verification/integration.go:127.47,129.81 1 0
hft_engine/verification/integration.go:129.81,133.54 2 0
hft_engine/verification/integration.go:133.54,135.4 1 0
hft_engine/verification/integration.go:139.2,139.106 1 0
hft_engine/verification/integration.go:139.106,143.73 2 0
hft_engine/verification/integration.go:143.73,146.4 1 0
hft_engine/verification/integration.go:150.2,150.59 1 0
hft_engine/verification/integration.go:150.59,154.24 2 0
hft_engine/verification/integration.go:154.24,157.4 1 0
hft_engine/verification/integration.go:162.44,166.16 3 0
hft_engine/verification/integration.go:166.16,168.3 1 0
hft_engine/verification/integration.go:171.2,181.12 8 0
hft_engine/verification/integration.go:185.43,187.17 2 0
hft_engine/verification/integration.go:187.17,190.3 2 0
hft_engine/verification/integration.go:191.2,203.12 9 0
hft_engine/verification/integration.go:207.43,213.6 4 0
hft_engine/verification/integration.go:213.6,214.10 1 0
hft_engine/verification/integration.go:215.19,217.24 2 0
hft_engine/verification/integration.go:218.22,219.10 1 0
hft_engine/verification/integration.go:225.68,230.73 2 0
hft_engine/verification/integration.go:230.73,232.3 1 0
hft_engine/verification/integration.go:235.2,235.81 1 0
hft_engine/verification/integration.go:235.81,237.3 1 0
hft_engine/verification/integration.go:240.2,240.78 1 0
hft_engine/verification/integration.go:240.78,242.3 1 0
hft_engine/verification/integration.go:245.2,245.45 1 0
hft_engine/verification/integration.go:245.45,247.3 1 0
hft_engine/verification/integration.go:251.67,267.2 4 0
hft_engine/verification/integration.go:270.94,274.73 2 0
hft_engine/verification/integration.go:274.73,275.45 1 0
hft_engine/verification/integration.go:275.45,277.4 1 0
hft_engine/verification/integration.go:278.3,278.47 1 0
hft_engine/verification/integration.go:278.47,280.4 1 0
hft_engine/verification/integration.go:284.2,284.83 1 0
hft_engine/verification/integration.go:284.83,285.46 1 0
hft_engine/verification/integration.go:285.46,286.31 1 0
hft_engine/verification/integration.go:286.31,288.5 1 0
hft_engine/verification/integration.go:293.2,293.78 1 0
hft_engine/verification/integration.go:293.78,294.27 1 0
hft_engine/verification/integration.go:294.27,296.93 2 0
hft_engine/verification/integration.go:296.93,298.5 1 0
hft_engine/verification/integration.go:299.4,299.25 1 0
hft_engine/verification/integration.go:299.25,301.5 1 0
hft_engine/verification/integration.go:301.10,301.38 1 0
hft_engine/verification/integration.go:301.38,303.5 1 0
hft_engine/verification/integration.go:307.2,307.15 1 0
hft_engine/verification/integration.go:311.91,315.73 2 0
hft_engine/verification/integration.go:315.73,316.23 1 0
hft_engine/verification/integration.go:316.23,319.4 1 0
hft_engine/verification/integration.go:323.2,323.81 1 0
hft_engine/verification/integration.go:323.81,324.24 1 0
hft_engine/verification/integration.go:324.24,327.4 1 0
hft_engine/verification/integration.go:331.2,331.78 1 0
hft_engine/verification/integration.go:331.78,332.27 1 0
hft_engine/verification/integration.go:332.27,335.4 1 0
hft_engine/verification/integration.go:338.2,338.24 1 0
hft_engine/verification/integration.go:342.86,344.2 1 0
hft_engine/verification/integration.go:347.65,349.2 1 0
hft_engine/verification/integration.go:352.47,356.2 3 0
hft_engine/verification/integration.go:359.131,366.65 2 0
hft_engine/verification/integration.go:366.65,369.3 2 0
hft_engine/verification/integration.go:372.2,372.97 1 0
hft_engine/verification/integration.go:372.97,375.3 2 0
hft_engine/verification/integration.go:378.2,379.29 2 0
hft_engine/verification/integration.go:379.29,380.30 1 0
hft_engine/verification/integration.go:380.30,382.41 2 0
hft_engine/verification/integration.go:382.41,384.5 1 0
hft_engine/verification/integration.go:389.2,391.20 2 0
hft_engine/verification/integration.go:408.99,410.64 1 0
hft_engine/verification/integration.go:410.64,412.3 1 0
hft_engine/verification/integration.go:415.2,415.33 1 0
hft_engine/verification/integration.go:419.38,425.2 4 0
hft_engine/verification/latency_tracker.go:41.39,42.11 1 1
hft_engine/verification/latency_tracker.go:43.21,44.20 1 1
hft_engine/verification/latency_tracker.go:45.26,46.25 1 0
hft_engine/verification/latency_tracker.go:47.21,48.21 1 0
hft_engine/verification/latency_tracker.go:49.24,50.24 1 1
hft_engine/verification/latency_tracker.go:51.28,52.28 1 1
hft_engine/verification/latency_tracker.go:53.24,54.24 1 1
hft_engine/verification/latency_tracker.go:55.20,56.20 1 0
hft_engine/verification/latency_tracker.go:57.28,58.27 1 0
hft_engine/verification/latency_tracker.go:59.22,60.21 1 0
hft_engine/verification/latency_tracker.go:61.10,62.19 1 0
hft_engine/verification/latency_tracker.go:106.58,115.2 1 1
hft_engine/verification/latency_tracker.go:148.101,149.19 1 1
hft_engine/verification/latency_tracker.go:149.19,151.3 1 1
hft_engine/verification/latency_tracker.go:153.2,161.21 2 1
hft_engine/verification/latency_tracker.go:161.21,201.3 4 1
hft_engine/verification/latency_tracker.go:203.2,203.11 1 1
hft_engine/verification/latency_tracker.go:207.35,210.2 2 1
hft_engine/verification/latency_tracker.go:213.34,216.2 2 1
hft_engine/verification/latency_tracker.go:219.41,224.6 4 1
hft_engine/verification/latency_tracker.go:224.6,225.10 1 1
hft_engine/verification/latency_tracker.go:226.19,227.16 1 0
hft_engine/verification/latency_tracker.go:228.22,229.10 1 1
hft_engine/verification/latency_tracker.go:235.37,240.45 4 0
hft_engine/verification/latency_tracker.go:240.45,241.30 1 0
hft_engine/verification/latency_tracker.go:241.30,243.4 1 0
hft_engine/verification/latency_tracker.go:245.2,246.25 2 0
hft_engine/verification/latency_tracker.go:250.108,263.2 5 1
hft_engine/verification/latency_tracker.go:266.99,270.49 3 1
hft_engine/verification/latency_tracker.go:270.49,274.33 2 1
hft_engine/verification/latency_tracker.go:274.33,276.4 1 1
hft_engine/verification/latency_tracker.go:281.99,284.2 2 0
hft_engine/verification/latency_tracker.go:287.87,290.9 3 1
hft_engine/verification/latency_tracker.go:290.9,293.3 2 0
hft_engine/verification/latency_tracker.go:294.2,301.32 5 1
hft_engine/verification/latency_tracker.go:301.32,303.3 1 1
hft_engine/verification/latency_tracker.go:306.2,309.63 3 1
hft_engine/verification/latency_tracker.go:309.63,311.3 1 0
hft_engine/verification/latency_tracker.go:312.2,318.49 3 1
hft_engine/verification/latency_tracker.go:318.49,320.31 2 1
hft_engine/verification/latency_tracker.go:320.31,322.4 1 1
hft_engine/verification/latency_tracker.go:324.3,325.26 2 1
hft_engine/verification/latency_tracker.go:325.26,327.4 1 1
hft_engine/verification/latency_tracker.go:330.2,330.15 1 1
hft_engine/verification/latency_tracker.go:334.85,343.40 3 1
hft_engine/verification/latency_tracker.go:343.40,344.16 1 1
hft_engine/verification/latency_tracker.go:345.80,346.32 1 1
hft_engine/verification/latency_tracker.go:347.43,348.31 1 1
hft_engine/verification/latency_tracker.go:349.29,350.32 1 1
hft_engine/verification/latency_tracker.go:354.2,360.40 5 1
hft_engine/verification/latency_tracker.go:360.40,361.29 1 1
hft_engine/verification/latency_tracker.go:361.29,364.4 2 1
hft_engine/verification/latency_tracker.go:367.2,367.32 1 1
hft_engine/verification/latency_tracker.go:367.32,369.3 1 1
hft_engine/verification/latency_tracker.go:372.2,372.31 1 1
hft_engine/verification/latency_tracker.go:372.31,374.3 1 1
hft_engine/verification/latency_tracker.go:376.2,376.18 1 1
hft_engine/verification/latency_tracker.go:380.86,383.49 2 0
hft_engine/verification/latency_tracker.go:383.49,387.3 3 0
hft_engine/verification/latency_tracker.go:388.2,394.45 4 0
hft_engine/verification/latency_tracker.go:394.45,395.27 1 0
hft_engine/verification/latency_tracker.go:395.27,398.4 2 0
hft_engine/verification/latency_tracker.go:401.2,401.19 1 0
hft_engine/verification/latency_tracker.go:405.61,419.45 10 0
hft_engine/verification/latency_tracker.go:419.45,421.44 2 0
hft_engine/verification/latency_tracker.go:421.44,423.4 1 0
hft_engine/verification/latency_tracker.go:424.3,424.34 1 0
hft_engine/verification/latency_tracker.go:424.34,426.4 1 0
hft_engine/verification/latency_tracker.go:428.3,428.41 1 0
hft_engine/verification/latency_tracker.go:428.41,431.4 2 0
hft_engine/verification/latency_tracker.go:433.2,436.26 3 0
hft_engine/verification/latency_tracker.go:436.26,438.3 1 0
hft_engine/verification/latency_tracker.go:441.2,442.43 2 0
hft_engine/verification/latency_tracker.go:442.43,444.31 2 0
hft_engine/verification/latency_tracker.go:444.31,446.4 1 0
hft_engine/verification/latency_tracker.go:447.3,447.25 1 0
hft_engine/verification/latency_tracker.go:447.25,449.4 1 0
hft_engine/verification/latency_tracker.go:452.2,461.3 1 0
hft_engine/verification/latency_tracker.go:465.73,470.84 4 1
hft_engine/verification/latency_tracker.go:470.84,472.50 2 1
hft_engine/verification/latency_tracker.go:472.50,475.4 2 1
hft_engine/verification/latency_tracker.go:477.2,477.18 1 1
hft_engine/verification/latency_tracker.go:481.117,483.2 1 1
hft_engine/verification/latency_tracker.go:486.135,489.34 2 0
hft_engine/verification/latency_tracker.go:489.34,490.10 1 0
hft_engine/verification/latency_tracker.go:491.21,492.25 1 0
hft_engine/verification/latency_tracker.go:493.11,493.11 0 0
hft_engine/verification/latency_tracker.go:497.3,498.46 2 0
hft_engine/verification/latency_tracker.go:498.46,499.28 1 0
hft_engine/verification/latency_tracker.go:499.28,503.5 3 0
hft_engine/verification/latency_tracker.go:505.3,507.35 2 0
hft_engine/verification/latency_tracker.go:510.2,510.72 1 0
hft_engine/verification/latency_tracker.go:514.63,518.40 3 1
hft_engine/verification/latency_tracker.go:518.40,525.3 1 0
hft_engine/verification/latency_tracker.go:528.2,529.45 2 1
hft_engine/verification/latency_tracker.go:529.45,531.3 1 1
hft_engine/verification/latency_tracker.go:533.2,538.3 1 1
hft_engine/verification/latency_tracker.go:542.54,543.22 1 1
hft_engine/verification/latency_tracker.go:543.22,545.3 1 0
hft_engine/verification/latency_tracker.go:548.2,549.26 2 1
hft_engine/verification/latency_tracker.go:549.26,551.3 1 0
hft_engine/verification/latency_tracker.go:552.2,552.22 1 1
hft_engine/verification/latency_tracker.go:556.35,567.2 8 0
hft_engine/verification/latency_tracker_optimized.go:37.48,38.11 1 1
hft_engine/verification/latency_tracker_optimized.go:39.31,40.31 1 1
hft_engine/verification/latency_tracker_optimized.go:41.27,42.27 1 1
hft_engine/verification/latency_tracker_optimized.go:43.29,44.29 1 1
hft_engine/verification/latency_tracker_optimized.go:45.30,46.30 1 1
hft_engine/verification/latency_tracker_optimized.go:47.30,48.30 1 1
hft_engine/verification/latency_tracker_optimized.go:49.18,50.17 1 1
hft_engine/verification/latency_tracker_optimized.go:51.10,52.19 1 1
hft_engine/verification/latency_tracker_optimized.go:91.52,100.2 1 1
hft_engine/verification/latency_tracker_optimized.go:140.116,141.19 1 1
hft_engine/verification/latency_tracker_optimized.go:141.19,143.3 1 1
hft_engine/verification/latency_tracker_optimized.go:145.2,153.27 2 1
hft_engine/verification/latency_tracker_optimized.go:153.27,158.4 1 1
hft_engine/verification/latency_tracker_optimized.go:162.2,165.26 2 1
hft_engine/verification/latency_tracker_optimized.go:165.26,167.3 1 1
hft_engine/verification/latency_tracker_optimized.go:170.2,170.21 1 1
hft_engine/verification/latency_tracker_optimized.go:170.21,228.3 6 1
hft_engine/verification/latency_tracker_optimized.go:230.2,230.11 1 1
hft_engine/verification/latency_tracker_optimized.go:234.44,237.2 2 1
hft_engine/verification/latency_tracker_optimized.go:240.43,243.2 2 1
hft_engine/verification/latency_tracker_optimized.go:246.50,251.6 4 1
hft_engine/verification/latency_tracker_optimized.go:251.6,252.10 1 1
hft_engine/verification/latency_tracker_optimized.go:253.19,254.16 1 0
hft_engine/verification/latency_tracker_optimized.go:255.22,256.10 1 1
hft_engine/verification/latency_tracker_optimized.go:262.46,265.26 2 0
hft_engine/verification/latency_tracker_optimized.go:265.26,267.47 2 0
hft_engine/verification/latency_tracker_optimized.go:267.47,268.47 1 0
hft_engine/verification/latency_tracker_optimized.go:268.47,271.5 2 0
hft_engine/verification/latency_tracker_optimized.go:273.3,273.29 1 0
hft_engine/verification/latency_tracker_optimized.go:278.70,280.45 2 1
hft_engine/verification/latency_tracker_optimized.go:280.45,282.3 1 1
hft_engine/verification/latency_tracker_optimized.go:283.2,283.20 1 1
hft_engine/verification/latency_tracker_optimized.go:287.118,291.30 2 1
hft_engine/verification/latency_tracker_optimized.go:291.30,293.3 1 1
hft_engine/verification/latency_tracker_optimized.go:296.2,309.10 11 1
hft_engine/verification/latency_tracker_optimized.go:313.117,320.9 5 1
hft_engine/verification/latency_tracker_optimized.go:320.9,322.3 1 0
hft_engine/verification/latency_tracker_optimized.go:325.2,328.32 2 1
hft_engine/verification/latency_tracker_optimized.go:328.32,330.3 1 1
hft_engine/verification/latency_tracker_optimized.go:334.113,337.2 2 0
hft_engine/verification/latency_tracker_optimized.go:340.105,345.9 4 1
hft_engine/verification/latency_tracker_optimized.go:345.9,348.3 2 0
hft_engine/verification/latency_tracker_optimized.go:349.2,361.32 7 1
hft_engine/verification/latency_tracker_optimized.go:361.32,363.3 1 1
hft_engine/verification/latency_tracker_optimized.go:366.2,369.64 2 1
hft_engine/verification/latency_tracker_optimized.go:369.64,371.31 2 1
hft_engine/verification/latency_tracker_optimized.go:371.31,373.4 1 1
hft_engine/verification/latency_tracker_optimized.go:375.3,376.26 2 1
hft_engine/verification/latency_tracker_optimized.go:376.26,378.4 1 1
hft_engine/verification/latency_tracker_optimized.go:381.2,381.15 1 1
hft_engine/verification/latency_tracker_optimized.go:385.112,407.27 5 1
hft_engine/verification/latency_tracker_optimized.go:407.27,408.22 1 1
hft_engine/verification/latency_tracker_optimized.go:408.22,411.4 2 1
hft_engine/verification/latency_tracker_optimized.go:414.2,415.32 2 1
hft_engine/verification/latency_tracker_optimized.go:415.32,417.3 1 1
hft_engine/verification/latency_tracker_optimized.go:420.2,420.31 1 1
hft_engine/verification/latency_tracker_optimized.go:420.31,422.3 1 1
hft_engine/verification/latency_tracker_optimized.go:424.2,424.18 1 1
hft_engine/verification/latency_tracker_optimized.go:428.104,433.56 3 1
hft_engine/verification/latency_tracker_optimized.go:433.56,436.3 2 1
hft_engine/verification/latency_tracker_optimized.go:437.2,443.59 4 1
hft_engine/verification/latency_tracker_optimized.go:443.59,445.66 2 0
hft_engine/verification/latency_tracker_optimized.go:445.66,447.4 1 0
hft_engine/verification/latency_tracker_optimized.go:450.2,450.19 1 1
hft_engine/verification/latency_tracker_optimized.go:454.70,462.52 6 1
hft_engine/verification/latency_tracker_optimized.go:462.52,464.42 2 1
hft_engine/verification/latency_tracker_optimized.go:464.42,467.4 2 1
hft_engine/verification/latency_tracker_optimized.go:470.2,471.15 2 1
hft_engine/verification/latency_tracker_optimized.go:471.15,473.3 1 1
hft_engine/verification/latency_tracker_optimized.go:475.2,481.3 1 1
hft_engine/verification/latency_tracker_optimized.go:485.144,487.2 1 1
hft_engine/verification/latency_tracker_optimized.go:490.44,492.26 1 1
hft_engine/verification/latency_tracker_optimized.go:492.26,494.46 2 1
hft_engine/verification/latency_tracker_optimized.go:494.46,496.4 1 0
hft_engine/verification/latency_tracker_optimized.go:497.3,498.29 2 1
hft_engine/verification/latency_tracker_optimized.go:502.2,505.41 4 1
hft_engine/verification/latency_tracker_optimized.go:509.118,510.38 1 1
hft_engine/verification/latency_tracker_optimized.go:510.38,512.3 1 1
hft_engine/verification/shadow_matcher.go:74.56,82.2 1 1
hft_engine/verification/shadow_matcher.go:113.98,114.19 1 1
hft_engine/verification/shadow_matcher.go:114.19,116.3 1 1
hft_engine/verification/shadow_matcher.go:118.2,127.21 2 1
hft_engine/verification/shadow_matcher.go:127.21,166.3 4 1
hft_engine/verification/shadow_matcher.go:168.2,168.11 1 1
hft_engine/verification/shadow_matcher.go:172.34,175.2 2 1
hft_engine/verification/shadow_matcher.go:178.33,181.2 2 1
hft_engine/verification/shadow_matcher.go:184.40,189.6 4 1
hft_engine/verification/shadow_matcher.go:189.6,190.10 1 1
hft_engine/verification/shadow_matcher.go:191.19,192.16 1 0
hft_engine/verification/shadow_matcher.go:193.22,194.10 1 1
hft_engine/verification/shadow_matcher.go:200.36,204.43 3 0
hft_engine/verification/shadow_matcher.go:204.43,205.38 1 0
hft_engine/verification/shadow_matcher.go:205.38,207.4 1 0
hft_engine/verification/shadow_matcher.go:209.2,212.39 3 0
hft_engine/verification/shadow_matcher.go:212.39,213.35 1 0
hft_engine/verification/shadow_matcher.go:213.35,215.4 1 0
hft_engine/verification/shadow_matcher.go:217.2,217.21 1 0
hft_engine/verification/shadow_matcher.go:221.65,228.2 5 1
hft_engine/verification/shadow_matcher.go:231.75,235.49 3 0
hft_engine/verification/shadow_matcher.go:235.49,237.3 1 0
hft_engine/verification/shadow_matcher.go:241.61,254.32 8 1
hft_engine/verification/shadow_matcher.go:254.32,256.3 1 1
hft_engine/verification/shadow_matcher.go:257.2,257.28 1 1
hft_engine/verification/shadow_matcher.go:257.28,259.3 1 1
hft_engine/verification/shadow_matcher.go:260.2,260.36 1 1
hft_engine/verification/shadow_matcher.go:260.36,262.3 1 1
hft_engine/verification/shadow_matcher.go:265.2,265.29 1 1
hft_engine/verification/shadow_matcher.go:265.29,266.30 1 1
hft_engine/verification/shadow_matcher.go:266.30,268.4 1 1
hft_engine/verification/shadow_matcher.go:269.3,269.26 1 1
hft_engine/verification/shadow_matcher.go:269.26,271.4 1 0
hft_engine/verification/shadow_matcher.go:276.76,281.13 4 1
hft_engine/verification/shadow_matcher.go:281.13,288.3 1 0
hft_engine/verification/shadow_matcher.go:290.2,297.36 2 1
hft_engine/verification/shadow_matcher.go:297.36,299.3 1 1
hft_engine/verification/shadow_matcher.go:302.2,302.27 1 1
hft_engine/verification/shadow_matcher.go:302.27,304.3 1 1
hft_engine/verification/shadow_matcher.go:307.2,311.29 3 1
hft_engine/verification/shadow_matcher.go:311.29,313.3 1 1
hft_engine/verification/shadow_matcher.go:315.2,315.16 1 1
hft_engine/verification/shadow_matcher.go:319.96,324.56 3 1
hft_engine/verification/shadow_matcher.go:324.56,326.3 1 1
hft_engine/verification/shadow_matcher.go:326.8,326.65 1 1
hft_engine/verification/shadow_matcher.go:326.65,328.3 1 0
hft_engine/verification/shadow_matcher.go:328.8,328.65 1 1
hft_engine/verification/shadow_matcher.go:328.65,330.3 1 0
hft_engine/verification/shadow_matcher.go:333.2,333.60 1 1
hft_engine/verification/shadow_matcher.go:333.60,335.3 1 1
hft_engine/verification/shadow_matcher.go:335.8,335.69 1 1
hft_engine/verification/shadow_matcher.go:335.69,337.3 1 0
hft_engine/verification/shadow_matcher.go:340.2,340.28 1 1
hft_engine/verification/shadow_matcher.go:340.28,342.3 1 0
hft_engine/verification/shadow_matcher.go:342.8,342.35 1 1
hft_engine/verification/shadow_matcher.go:342.35,344.3 1 0
hft_engine/verification/shadow_matcher.go:347.2,347.18 1 1
hft_engine/verification/shadow_matcher.go:347.18,349.3 1 1
hft_engine/verification/shadow_matcher.go:351.2,351.40 1 1
hft_engine/verification/shadow_matcher.go:355.107,357.68 1 1
hft_engine/verification/shadow_matcher.go:357.68,359.3 1 1
hft_engine/verification/shadow_matcher.go:362.2,362.60 1 1
hft_engine/verification/shadow_matcher.go:362.60,364.3 1 1
hft_engine/verification/shadow_matcher.go:367.2,367.54 1 1
hft_engine/verification/shadow_matcher.go:367.54,369.3 1 0
hft_engine/verification/shadow_matcher.go:374.2,374.14 1 1
hft_engine/verification/shadow_matcher.go:378.74,381.68 2 1
hft_engine/verification/shadow_matcher.go:381.68,383.3 1 1
hft_engine/verification/shadow_matcher.go:385.2,385.60 1 1
hft_engine/verification/shadow_matcher.go:385.60,387.3 1 1
hft_engine/verification/shadow_matcher.go:389.2,389.54 1 1
hft_engine/verification/shadow_matcher.go:389.54,391.3 1 1
hft_engine/verification/shadow_matcher.go:393.2,393.23 1 1
hft_engine/verification/shadow_matcher.go:393.23,395.3 1 0
hft_engine/verification/shadow_matcher.go:397.2,398.36 2 1
hft_engine/verification/shadow_matcher.go:398.36,400.3 1 1
hft_engine/verification/shadow_matcher.go:401.2,401.15 1 1
hft_engine/verification/shadow_matcher.go:405.78,410.9 4 1
hft_engine/verification/shadow_matcher.go:410.9,412.3 1 0
hft_engine/verification/shadow_matcher.go:415.2,416.22 2 1
hft_engine/verification/shadow_matcher.go:420.59,425.44 4 0
hft_engine/verification/shadow_matcher.go:425.44,426.30 1 0
hft_engine/verification/shadow_matcher.go:426.30,430.4 2 0
hft_engine/verification/shadow_matcher.go:432.2,432.18 1 0
hft_engine/verification/shadow_matcher.go:436.60,448.38 10 1
hft_engine/verification/shadow_matcher.go:448.38,449.24 1 1
hft_engine/verification/shadow_matcher.go:449.24,451.4 1 1
hft_engine/verification/shadow_matcher.go:452.3,452.33 1 1
hft_engine/verification/shadow_matcher.go:454.2,458.22 4 1
hft_engine/verification/shadow_matcher.go:458.22,460.3 1 1
hft_engine/verification/shadow_matcher.go:462.2,469.3 1 1
hft_engine/verification/shadow_matcher.go:473.92,475.2 1 0
hft_engine/verification/shadow_matcher.go:478.124,481.34 2 0
hft_engine/verification/shadow_matcher.go:481.34,482.10 1 0
hft_engine/verification/shadow_matcher.go:483.21,484.25 1 0
hft_engine/verification/shadow_matcher.go:485.11,485.11 0 0
hft_engine/verification/shadow_matcher.go:489.3,493.14 4 0
hft_engine/verification/shadow_matcher.go:493.14,498.18 4 0
hft_engine/verification/shadow_matcher.go:498.18,501.5 2 0
hft_engine/verification/shadow_matcher.go:504.4,504.43 1 0
hft_engine/verification/shadow_matcher.go:507.3,507.36 1 0
hft_engine/verification/shadow_matcher.go:510.2,510.65 1 0
hft_engine/verification/state_consistency.go:49.35,50.11 1 0
hft_engine/verification/state_consistency.go:51.22,52.27 1 0
hft_engine/verification/state_consistency.go:53.24,54.29 1 0
hft_engine/verification/state_consistency.go:55.21,56.26 1 0
hft_engine/verification/state_consistency.go:57.28,58.25 1 0
hft_engine/verification/state_consistency.go:59.31,60.28 1 0
hft_engine/verification/state_consistency.go:61.22,62.24 1 0
hft_engine/verification/state_consistency.go:63.10,64.19 1 0
hft_engine/verification/state_consistency.go:78.35,79.11 1 0
hft_engine/verification/state_consistency.go:80.19,81.15 1 0
hft_engine/verification/state_consistency.go:82.22,83.18 1 0
hft_engine/verification/state_consistency.go:84.20,85.16 1 0
hft_engine/verification/state_consistency.go:86.24,87.20 1 0
hft_engine/verification/state_consistency.go:88.10,89.19 1 0
hft_engine/verification/state_consistency.go:143.62,153.2 1 1
hft_engine/verification/state_consistency.go:194.121,195.19 1 1
hft_engine/verification/state_consistency.go:195.19,197.3 1 1
hft_engine/verification/state_consistency.go:199.2,210.21 2 1
hft_engine/verification/state_consistency.go:210.21,248.3 4 1
hft_engine/verification/state_consistency.go:250.2,250.11 1 1
hft_engine/verification/state_consistency.go:254.44,258.2 3 1
hft_engine/verification/state_consistency.go:261.43,264.2 2 1
hft_engine/verification/state_consistency.go:267.48,272.6 4 1
hft_engine/verification/state_consistency.go:272.6,273.10 1 1
hft_engine/verification/state_consistency.go:274.19,275.21 1 1
hft_engine/verification/state_consistency.go:276.22,277.10 1 1
hft_engine/verification/state_consistency.go:283.50,288.6 4 1
hft_engine/verification/state_consistency.go:288.6,289.10 1 1
hft_engine/verification/state_consistency.go:290.19,291.16 1 0
hft_engine/verification/state_consistency.go:292.22,293.10 1 1
hft_engine/verification/state_consistency.go:299.46,304.32 4 0
hft_engine/verification/state_consistency.go:304.32,305.36 1 0
hft_engine/verification/state_consistency.go:305.36,307.4 1 0
hft_engine/verification/state_consistency.go:309.2,310.21 2 0
hft_engine/verification/state_consistency.go:314.77,320.2 4 1
hft_engine/verification/state_consistency.go:323.76,328.2 3 1
hft_engine/verification/state_consistency.go:331.83,336.2 3 1
hft_engine/verification/state_consistency.go:339.79,344.2 3 1
hft_engine/verification/state_consistency.go:347.51,352.35 4 1
hft_engine/verification/state_consistency.go:352.35,354.3 1 1
hft_engine/verification/state_consistency.go:355.2,359.38 4 1
hft_engine/verification/state_consistency.go:359.38,361.3 1 1
hft_engine/verification/state_consistency.go:362.2,372.23 5 1
hft_engine/verification/state_consistency.go:372.23,381.33 5 1
hft_engine/verification/state_consistency.go:381.33,382.29 1 1
hft_engine/verification/state_consistency.go:382.29,384.5 1 0
hft_engine/verification/state_consistency.go:387.4,387.24 1 1
hft_engine/verification/state_consistency.go:387.24,389.5 1 1
hft_engine/verification/state_consistency.go:390.4,390.65 1 1
hft_engine/verification/state_consistency.go:390.65,392.5 1 0
hft_engine/verification/state_consistency.go:397.2,399.26 3 1
hft_engine/verification/state_consistency.go:399.26,401.3 1 1
hft_engine/verification/state_consistency.go:402.2,402.32 1 1
hft_engine/verification/state_consistency.go:402.32,404.3 1 1
hft_engine/verification/state_consistency.go:407.2,408.32 2 1
hft_engine/verification/state_consistency.go:408.32,410.3 1 1
hft_engine/verification/state_consistency.go:413.2,413.17 1 1
hft_engine/verification/state_consistency.go:417.146,421.41 2 1
hft_engine/verification/state_consistency.go:421.41,423.14 2 1
hft_engine/verification/state_consistency.go:423.14,425.56 1 0
hft_engine/verification/state_consistency.go:425.56,433.5 1 0
hft_engine/verification/state_consistency.go:434.4,434.12 1 0
hft_engine/verification/state_consistency.go:438.3,438.70 1 1
hft_engine/verification/state_consistency.go:438.70,449.4 1 1
hft_engine/verification/state_consistency.go:452.3,452.69 1 1
hft_engine/verification/state_consistency.go:452.69,455.53 3 0
hft_engine/verification/state_consistency.go:455.53,466.5 1 0
hft_engine/verification/state_consistency.go:470.3,470.54 1 1
hft_engine/verification/state_consistency.go:470.54,472.47 2 1
hft_engine/verification/state_consistency.go:472.47,483.5 1 0
hft_engine/verification/state_consistency.go:488.2,489.47 2 1
hft_engine/verification/state_consistency.go:489.47,490.43 1 1
hft_engine/verification/state_consistency.go:490.43,501.4 2 1
hft_engine/verification/state_consistency.go:504.2,504.32 1 1
hft_engine/verification/state_consistency.go:504.32,506.3 1 1
hft_engine/verification/state_consistency.go:508.2,508.14 1 1
hft_engine/verification/state_consistency.go:512.75,517.32 4 1
hft_engine/verification/state_consistency.go:517.32,519.3 1 1
hft_engine/verification/state_consistency.go:520.2,524.35 4 1
hft_engine/verification/state_consistency.go:524.35,526.3 1 1
hft_engine/verification/state_consistency.go:527.2,530.38 2 1
hft_engine/verification/state_consistency.go:530.38,532.14 2 1
hft_engine/verification/state_consistency.go:532.14,533.44 1 0
hft_engine/verification/state_consistency.go:533.44,543.5 1 0
hft_engine/verification/state_consistency.go:544.4,544.12 1 0
hft_engine/verification/state_consistency.go:548.3,549.49 2 1
hft_engine/verification/state_consistency.go:549.49,551.27 2 1
hft_engine/verification/state_consistency.go:551.27,553.5 1 1
hft_engine/verification/state_consistency.go:554.4,563.6 1 1
hft_engine/verification/state_consistency.go:567.2,567.14 1 1
hft_engine/verification/state_consistency.go:571.84,577.23 3 1
hft_engine/verification/state_consistency.go:577.23,579.3 1 1
hft_engine/verification/state_consistency.go:583.2,583.45 1 1
hft_engine/verification/state_consistency.go:583.45,585.3 1 0
hft_engine/verification/state_consistency.go:588.2,588.55 1 1
hft_engine/verification/state_consistency.go:588.55,590.3 1 0
hft_engine/verification/state_consistency.go:592.2,592.14 1 1
hft_engine/verification/state_consistency.go:596.44,597.16 1 1
hft_engine/verification/state_consistency.go:598.28,599.19 1 0
hft_engine/verification/state_consistency.go:600.36,601.15 1 1
hft_engine/verification/state_consistency.go:602.57,603.28 1 0
hft_engine/verification/state_consistency.go:604.26,605.18 1 1
hft_engine/verification/state_consistency.go:606.43,607.20 1 0
hft_engine/verification/state_consistency.go:608.30,609.20 1 0
hft_engine/verification/state_consistency.go:610.28,611.19 1 0
hft_engine/verification/state_consistency.go:612.10,613.16 1 0
hft_engine/verification/state_consistency.go:618.87,623.47 3 1
hft_engine/verification/state_consistency.go:623.47,625.3 1 1
hft_engine/verification/state_consistency.go:628.2,628.82 1 0
hft_engine/verification/state_consistency.go:628.82,630.3 1 0
hft_engine/verification/state_consistency.go:632.2,632.23 1 0
hft_engine/verification/state_consistency.go:636.59,643.2 5 1
hft_engine/verification/state_consistency.go:646.86,651.32 4 0
hft_engine/verification/state_consistency.go:651.32,652.32 1 0
hft_engine/verification/state_consistency.go:652.32,654.4 1 0
hft_engine/verification/state_consistency.go:656.2,656.15 1 0
hft_engine/verification/state_consistency.go:660.70,677.32 13 1
hft_engine/verification/state_consistency.go:677.32,679.3 1 0
hft_engine/verification/state_consistency.go:681.2,690.3 1 1
hft_engine/verification/state_consistency.go:694.77,696.2 1 1
hft_engine/verification/state_consistency.go:699.81,701.2 1 0
hft_engine/verification/state_consistency.go:704.49,708.2 3 0
hft_engine/verification/state_consistency.go:711.82,713.12 2 1
hft_engine/verification/state_consistency.go:713.12,716.3 2 1
hft_engine/verification/state_consistency.go:718.2,718.9 1 1
hft_engine/verification/state_consistency.go:719.14,720.13 1 1
hft_engine/verification/state_consistency.go:721.20,722.19 1 0
